2024-07-02 22:22:03,016 [Worker-16] INFO  o.e.m.c.i.p.ProjectConfigurationManager - Collecting project info '/pom.xml' C:\Users\user\Desktop\LPII_CL3_MENDOZA_SANCHEZ\Examen_LP3\ProyectoExamen\pom.xml
2024-07-02 22:22:05,559 [Worker-16] INFO  o.e.m.c.i.l.LifecycleMappingFactory - Using org.maven.ide.eclipse.wtp.WarLifecycleMapping lifecycle mapping for MavenProject: JPA.CIBERTEC:ProyectoExamen:0.0.1-SNAPSHOT @ C:\Users\user\Desktop\LPII_CL3_MENDOZA_SANCHEZ\Examen_LP3\ProyectoExamen\pom.xml.
2024-07-02 22:22:06,179 [Worker-16] INFO  o.e.m.j.i.AbstractJavaProjectConfigurator - Adding source folder /ProyectoExamen/src/main/java
2024-07-02 22:22:06,179 [Worker-16] INFO  o.e.m.j.i.AbstractJavaProjectConfigurator - Adding resource folder /ProyectoExamen/src/main/resources
2024-07-02 22:22:06,180 [Worker-16] INFO  o.e.m.j.i.AbstractJavaProjectConfigurator - Adding source folder /ProyectoExamen/src/test/java
2024-07-02 22:22:07,554 [Worker-16] INFO  o.e.m.c.i.p.ProjectConfigurationManager - Imported and configured 1 project(s) in 4 sec
2024-07-02 22:22:07,853 [Worker-18] WARN  o.e.m.c.i.embedder.EclipseLogger - Using platform encoding (Cp1252 actually) to copy filtered resources, i.e. build is platform dependent!
2024-07-02 22:22:07,857 [Worker-18] INFO  o.e.m.c.i.embedder.EclipseLogger - Copying 0 resource
2024-07-02 22:22:07,858 [Worker-18] WARN  o.e.m.c.i.embedder.EclipseLogger - Using platform encoding (Cp1252 actually) to copy filtered resources, i.e. build is platform dependent!
2024-07-02 22:22:07,859 [Worker-18] INFO  o.e.m.c.i.embedder.EclipseLogger - skip non existing resourceDirectory C:\Users\user\Desktop\LPII_CL3_MENDOZA_SANCHEZ\Examen_LP3\ProyectoExamen\src\test\resources
2024-07-02 22:22:09,221 [Worker-19] WARN  o.e.m.c.i.embedder.EclipseLogger - Using platform encoding (Cp1252 actually) to copy filtered resources, i.e. build is platform dependent!
2024-07-02 22:22:09,223 [Worker-19] INFO  o.e.m.c.i.embedder.EclipseLogger - Copying 0 resource
2024-07-02 22:22:09,224 [Worker-19] WARN  o.e.m.c.i.embedder.EclipseLogger - Using platform encoding (Cp1252 actually) to copy filtered resources, i.e. build is platform dependent!
2024-07-02 22:22:09,224 [Worker-19] INFO  o.e.m.c.i.embedder.EclipseLogger - skip non existing resourceDirectory C:\Users\user\Desktop\LPII_CL3_MENDOZA_SANCHEZ\Examen_LP3\ProyectoExamen\src\test\resources
2024-07-02 22:22:10,240 [Worker-20] WARN  o.e.m.c.i.embedder.EclipseLogger - Using platform encoding (Cp1252 actually) to copy filtered resources, i.e. build is platform dependent!
2024-07-02 22:22:10,241 [Worker-20] INFO  o.e.m.c.i.embedder.EclipseLogger - Copying 0 resource
2024-07-02 22:22:10,242 [Worker-20] WARN  o.e.m.c.i.embedder.EclipseLogger - Using platform encoding (Cp1252 actually) to copy filtered resources, i.e. build is platform dependent!
2024-07-02 22:22:10,242 [Worker-20] INFO  o.e.m.c.i.embedder.EclipseLogger - skip non existing resourceDirectory C:\Users\user\Desktop\LPII_CL3_MENDOZA_SANCHEZ\Examen_LP3\ProyectoExamen\src\test\resources
2024-07-02 22:24:08,445 [Worker-21] INFO  o.e.m.c.i.l.LifecycleMappingFactory - Using org.maven.ide.eclipse.wtp.WarLifecycleMapping lifecycle mapping for MavenProject: JPA.CIBERTEC:ProyectoExamen:0.0.1-SNAPSHOT @ C:\Users\user\Desktop\LPII_CL3_MENDOZA_SANCHEZ\Examen_LP3\ProyectoExamen\pom.xml.
2024-07-02 22:24:09,678 [Worker-21] WARN  o.e.m.c.i.embedder.EclipseLogger - Using platform encoding (Cp1252 actually) to copy filtered resources, i.e. build is platform dependent!
2024-07-02 22:24:09,680 [Worker-21] INFO  o.e.m.c.i.embedder.EclipseLogger - Copying 0 resource
2024-07-02 22:24:09,681 [Worker-21] WARN  o.e.m.c.i.embedder.EclipseLogger - Using platform encoding (Cp1252 actually) to copy filtered resources, i.e. build is platform dependent!
2024-07-02 22:24:09,682 [Worker-21] INFO  o.e.m.c.i.embedder.EclipseLogger - skip non existing resourceDirectory C:\Users\user\Desktop\LPII_CL3_MENDOZA_SANCHEZ\Examen_LP3\ProyectoExamen\src\test\resources
2024-07-02 22:24:09,682 [Worker-21] INFO  o.e.m.w.i.f.ResourceFilteringBuildParticipant - Changed resources require a complete clean of filtered resources of ProyectoExamen
2024-07-02 22:24:09,683 [Worker-21] INFO  o.e.m.w.i.f.ResourceFilteringBuildParticipant - Executing resource filtering for ProyectoExamen
2024-07-02 22:24:09,686 [Worker-21] WARN  o.e.m.c.i.embedder.EclipseLogger - Using platform encoding (Cp1252 actually) to copy filtered resources, i.e. build is platform dependent!
2024-07-02 22:24:11,045 [Worker-20] WARN  o.e.m.c.i.embedder.EclipseLogger - Using platform encoding (Cp1252 actually) to copy filtered resources, i.e. build is platform dependent!
2024-07-02 22:24:11,046 [Worker-20] INFO  o.e.m.c.i.embedder.EclipseLogger - Copying 0 resource
2024-07-02 22:24:11,047 [Worker-20] WARN  o.e.m.c.i.embedder.EclipseLogger - Using platform encoding (Cp1252 actually) to copy filtered resources, i.e. build is platform dependent!
2024-07-02 22:24:11,047 [Worker-20] INFO  o.e.m.c.i.embedder.EclipseLogger - skip non existing resourceDirectory C:\Users\user\Desktop\LPII_CL3_MENDOZA_SANCHEZ\Examen_LP3\ProyectoExamen\src\test\resources
2024-07-02 22:24:18,183 [Worker-22] INFO  o.e.m.c.i.p.ProjectConfigurationManager - Update started
2024-07-02 22:24:18,523 [Worker-22] INFO  o.e.m.c.i.l.LifecycleMappingFactory - Using org.maven.ide.eclipse.wtp.WarLifecycleMapping lifecycle mapping for MavenProject: JPA.CIBERTEC:ProyectoExamen:0.0.1-SNAPSHOT @ C:\Users\user\Desktop\LPII_CL3_MENDOZA_SANCHEZ\Examen_LP3\ProyectoExamen\pom.xml.
2024-07-02 22:24:19,619 [Worker-22] INFO  o.e.m.j.i.AbstractJavaProjectConfigurator - Adding source folder /ProyectoExamen/src/main/java
2024-07-02 22:24:19,619 [Worker-22] INFO  o.e.m.j.i.AbstractJavaProjectConfigurator - Adding resource folder /ProyectoExamen/src/main/resources
2024-07-02 22:24:19,620 [Worker-22] INFO  o.e.m.j.i.AbstractJavaProjectConfigurator - Adding source folder /ProyectoExamen/src/test/java
2024-07-02 22:24:20,758 [Worker-22] INFO  o.e.m.w.i.f.ResourceFilteringBuildParticipant - Cleaning filtered folder for ProyectoExamen
2024-07-02 22:24:20,763 [Worker-22] INFO  o.e.m.c.i.p.ProjectConfigurationManager - Update completed: 2 sec
2024-07-02 22:24:21,118 [Worker-22] WARN  o.e.m.c.i.embedder.EclipseLogger - Using platform encoding (Cp1252 actually) to copy filtered resources, i.e. build is platform dependent!
2024-07-02 22:24:21,119 [Worker-22] INFO  o.e.m.c.i.embedder.EclipseLogger - Copying 0 resource
2024-07-02 22:24:21,121 [Worker-22] WARN  o.e.m.c.i.embedder.EclipseLogger - Using platform encoding (Cp1252 actually) to copy filtered resources, i.e. build is platform dependent!
2024-07-02 22:24:21,121 [Worker-22] INFO  o.e.m.c.i.embedder.EclipseLogger - skip non existing resourceDirectory C:\Users\user\Desktop\LPII_CL3_MENDOZA_SANCHEZ\Examen_LP3\ProyectoExamen\src\test\resources
2024-07-02 22:24:21,121 [Worker-22] INFO  o.e.m.w.i.f.ResourceFilteringBuildParticipant - Changed resources require a complete clean of filtered resources of ProyectoExamen
2024-07-02 22:24:21,121 [Worker-22] INFO  o.e.m.w.i.f.ResourceFilteringBuildParticipant - Executing resource filtering for ProyectoExamen
2024-07-02 22:24:21,124 [Worker-22] WARN  o.e.m.c.i.embedder.EclipseLogger - Using platform encoding (Cp1252 actually) to copy filtered resources, i.e. build is platform dependent!
2024-07-02 22:24:21,508 [Worker-16] WARN  o.e.m.c.i.embedder.EclipseLogger - Using platform encoding (Cp1252 actually) to copy filtered resources, i.e. build is platform dependent!
2024-07-02 22:24:21,510 [Worker-16] INFO  o.e.m.c.i.embedder.EclipseLogger - Copying 0 resource
2024-07-02 22:24:21,512 [Worker-16] WARN  o.e.m.c.i.embedder.EclipseLogger - Using platform encoding (Cp1252 actually) to copy filtered resources, i.e. build is platform dependent!
2024-07-02 22:24:21,513 [Worker-16] INFO  o.e.m.c.i.embedder.EclipseLogger - skip non existing resourceDirectory C:\Users\user\Desktop\LPII_CL3_MENDOZA_SANCHEZ\Examen_LP3\ProyectoExamen\src\test\resources
2024-07-02 22:27:00,178 [Worker-36] WARN  o.e.m.c.i.embedder.EclipseLogger - Using platform encoding (Cp1252 actually) to copy filtered resources, i.e. build is platform dependent!
2024-07-02 22:27:00,178 [Worker-36] INFO  o.e.m.c.i.embedder.EclipseLogger - Copying 0 resource
2024-07-02 22:27:00,179 [Worker-36] WARN  o.e.m.c.i.embedder.EclipseLogger - Using platform encoding (Cp1252 actually) to copy filtered resources, i.e. build is platform dependent!
2024-07-02 22:27:00,179 [Worker-36] INFO  o.e.m.c.i.embedder.EclipseLogger - skip non existing resourceDirectory C:\Users\user\Desktop\LPII_CL3_MENDOZA_SANCHEZ\Examen_LP3\ProyectoExamen\src\test\resources
2024-07-02 22:27:06,825 [Worker-25] WARN  o.e.m.c.i.embedder.EclipseLogger - Using platform encoding (Cp1252 actually) to copy filtered resources, i.e. build is platform dependent!
2024-07-02 22:27:06,826 [Worker-25] INFO  o.e.m.c.i.embedder.EclipseLogger - Copying 0 resource
2024-07-02 22:27:06,826 [Worker-25] WARN  o.e.m.c.i.embedder.EclipseLogger - Using platform encoding (Cp1252 actually) to copy filtered resources, i.e. build is platform dependent!
2024-07-02 22:27:06,827 [Worker-25] INFO  o.e.m.c.i.embedder.EclipseLogger - skip non existing resourceDirectory C:\Users\user\Desktop\LPII_CL3_MENDOZA_SANCHEZ\Examen_LP3\ProyectoExamen\src\test\resources
2024-07-02 22:28:45,976 [Worker-35] WARN  o.e.m.c.i.embedder.EclipseLogger - Using platform encoding (Cp1252 actually) to copy filtered resources, i.e. build is platform dependent!
2024-07-02 22:28:45,978 [Worker-35] INFO  o.e.m.c.i.embedder.EclipseLogger - Copying 0 resource
2024-07-02 22:28:45,978 [Worker-35] WARN  o.e.m.c.i.embedder.EclipseLogger - Using platform encoding (Cp1252 actually) to copy filtered resources, i.e. build is platform dependent!
2024-07-02 22:28:45,979 [Worker-35] INFO  o.e.m.c.i.embedder.EclipseLogger - skip non existing resourceDirectory C:\Users\user\Desktop\LPII_CL3_MENDOZA_SANCHEZ\Examen_LP3\ProyectoExamen\src\test\resources
2024-07-02 22:29:19,924 [Worker-30] WARN  o.e.m.c.i.embedder.EclipseLogger - Using platform encoding (Cp1252 actually) to copy filtered resources, i.e. build is platform dependent!
2024-07-02 22:29:19,925 [Worker-30] INFO  o.e.m.c.i.embedder.EclipseLogger - Copying 1 resource
2024-07-02 22:29:19,930 [Worker-30] WARN  o.e.m.c.i.embedder.EclipseLogger - Using platform encoding (Cp1252 actually) to copy filtered resources, i.e. build is platform dependent!
2024-07-02 22:29:19,931 [Worker-30] INFO  o.e.m.c.i.embedder.EclipseLogger - skip non existing resourceDirectory C:\Users\user\Desktop\LPII_CL3_MENDOZA_SANCHEZ\Examen_LP3\ProyectoExamen\src\test\resources
2024-07-02 22:34:04,072 [Worker-29] WARN  o.e.m.c.i.embedder.EclipseLogger - Using platform encoding (Cp1252 actually) to copy filtered resources, i.e. build is platform dependent!
2024-07-02 22:34:04,074 [Worker-29] INFO  o.e.m.c.i.embedder.EclipseLogger - Copying 1 resource
2024-07-02 22:34:04,076 [Worker-29] WARN  o.e.m.c.i.embedder.EclipseLogger - Using platform encoding (Cp1252 actually) to copy filtered resources, i.e. build is platform dependent!
2024-07-02 22:34:04,077 [Worker-29] INFO  o.e.m.c.i.embedder.EclipseLogger - skip non existing resourceDirectory C:\Users\user\Desktop\LPII_CL3_MENDOZA_SANCHEZ\Examen_LP3\ProyectoExamen\src\test\resources
2024-07-02 22:34:50,202 [Worker-34] WARN  o.e.m.c.i.embedder.EclipseLogger - Using platform encoding (Cp1252 actually) to copy filtered resources, i.e. build is platform dependent!
2024-07-02 22:34:50,205 [Worker-34] INFO  o.e.m.c.i.embedder.EclipseLogger - Copying 1 resource
2024-07-02 22:34:50,207 [Worker-34] WARN  o.e.m.c.i.embedder.EclipseLogger - Using platform encoding (Cp1252 actually) to copy filtered resources, i.e. build is platform dependent!
2024-07-02 22:34:50,207 [Worker-34] INFO  o.e.m.c.i.embedder.EclipseLogger - skip non existing resourceDirectory C:\Users\user\Desktop\LPII_CL3_MENDOZA_SANCHEZ\Examen_LP3\ProyectoExamen\src\test\resources
2024-07-02 22:34:57,329 [Worker-29] WARN  o.e.m.c.i.embedder.EclipseLogger - Using platform encoding (Cp1252 actually) to copy filtered resources, i.e. build is platform dependent!
2024-07-02 22:34:57,330 [Worker-29] INFO  o.e.m.c.i.embedder.EclipseLogger - Copying 1 resource
2024-07-02 22:34:57,331 [Worker-29] WARN  o.e.m.c.i.embedder.EclipseLogger - Using platform encoding (Cp1252 actually) to copy filtered resources, i.e. build is platform dependent!
2024-07-02 22:34:57,331 [Worker-29] INFO  o.e.m.c.i.embedder.EclipseLogger - skip non existing resourceDirectory C:\Users\user\Desktop\LPII_CL3_MENDOZA_SANCHEZ\Examen_LP3\ProyectoExamen\src\test\resources
2024-07-02 22:35:04,047 [Worker-34] WARN  o.e.m.c.i.embedder.EclipseLogger - Using platform encoding (Cp1252 actually) to copy filtered resources, i.e. build is platform dependent!
2024-07-02 22:35:04,048 [Worker-34] INFO  o.e.m.c.i.embedder.EclipseLogger - Copying 1 resource
2024-07-02 22:35:04,049 [Worker-34] WARN  o.e.m.c.i.embedder.EclipseLogger - Using platform encoding (Cp1252 actually) to copy filtered resources, i.e. build is platform dependent!
2024-07-02 22:35:04,049 [Worker-34] INFO  o.e.m.c.i.embedder.EclipseLogger - skip non existing resourceDirectory C:\Users\user\Desktop\LPII_CL3_MENDOZA_SANCHEZ\Examen_LP3\ProyectoExamen\src\test\resources
2024-07-02 22:35:20,440 [Worker-43] WARN  o.e.m.c.i.embedder.EclipseLogger - Using platform encoding (Cp1252 actually) to copy filtered resources, i.e. build is platform dependent!
2024-07-02 22:35:20,441 [Worker-43] INFO  o.e.m.c.i.embedder.EclipseLogger - Copying 1 resource
2024-07-02 22:35:20,442 [Worker-43] WARN  o.e.m.c.i.embedder.EclipseLogger - Using platform encoding (Cp1252 actually) to copy filtered resources, i.e. build is platform dependent!
2024-07-02 22:35:20,443 [Worker-43] INFO  o.e.m.c.i.embedder.EclipseLogger - skip non existing resourceDirectory C:\Users\user\Desktop\LPII_CL3_MENDOZA_SANCHEZ\Examen_LP3\ProyectoExamen\src\test\resources
2024-07-02 22:36:39,389 [Worker-34] WARN  o.e.m.c.i.embedder.EclipseLogger - Using platform encoding (Cp1252 actually) to copy filtered resources, i.e. build is platform dependent!
2024-07-02 22:36:39,389 [Worker-34] INFO  o.e.m.c.i.embedder.EclipseLogger - Copying 0 resource
2024-07-02 22:36:39,390 [Worker-34] WARN  o.e.m.c.i.embedder.EclipseLogger - Using platform encoding (Cp1252 actually) to copy filtered resources, i.e. build is platform dependent!
2024-07-02 22:36:39,390 [Worker-34] INFO  o.e.m.c.i.embedder.EclipseLogger - skip non existing resourceDirectory C:\Users\user\Desktop\LPII_CL3_MENDOZA_SANCHEZ\Examen_LP3\ProyectoExamen\src\test\resources
2024-07-02 22:36:56,687 [Worker-44] WARN  o.e.m.c.i.embedder.EclipseLogger - Using platform encoding (Cp1252 actually) to copy filtered resources, i.e. build is platform dependent!
2024-07-02 22:36:56,688 [Worker-44] INFO  o.e.m.c.i.embedder.EclipseLogger - Copying 1 resource
2024-07-02 22:36:56,690 [Worker-44] WARN  o.e.m.c.i.embedder.EclipseLogger - Using platform encoding (Cp1252 actually) to copy filtered resources, i.e. build is platform dependent!
2024-07-02 22:36:56,690 [Worker-44] INFO  o.e.m.c.i.embedder.EclipseLogger - skip non existing resourceDirectory C:\Users\user\Desktop\LPII_CL3_MENDOZA_SANCHEZ\Examen_LP3\ProyectoExamen\src\test\resources
2024-07-02 22:50:57,280 [Worker-53] WARN  o.e.m.c.i.embedder.EclipseLogger - Using platform encoding (Cp1252 actually) to copy filtered resources, i.e. build is platform dependent!
2024-07-02 22:50:57,281 [Worker-53] INFO  o.e.m.c.i.embedder.EclipseLogger - Copying 1 resource
2024-07-02 22:50:57,283 [Worker-53] WARN  o.e.m.c.i.embedder.EclipseLogger - Using platform encoding (Cp1252 actually) to copy filtered resources, i.e. build is platform dependent!
2024-07-02 22:50:57,284 [Worker-53] INFO  o.e.m.c.i.embedder.EclipseLogger - skip non existing resourceDirectory C:\Users\user\Desktop\LPII_CL3_MENDOZA_SANCHEZ\Examen_LP3\ProyectoExamen\src\test\resources
2024-07-02 22:52:49,541 [Worker-56] WARN  o.e.m.c.i.embedder.EclipseLogger - Using platform encoding (Cp1252 actually) to copy filtered resources, i.e. build is platform dependent!
2024-07-02 22:52:49,542 [Worker-56] INFO  o.e.m.c.i.embedder.EclipseLogger - Copying 1 resource
2024-07-02 22:52:49,544 [Worker-56] WARN  o.e.m.c.i.embedder.EclipseLogger - Using platform encoding (Cp1252 actually) to copy filtered resources, i.e. build is platform dependent!
2024-07-02 22:52:49,544 [Worker-56] INFO  o.e.m.c.i.embedder.EclipseLogger - skip non existing resourceDirectory C:\Users\user\Desktop\LPII_CL3_MENDOZA_SANCHEZ\Examen_LP3\ProyectoExamen\src\test\resources
2024-07-02 22:59:23,657 [Worker-60] WARN  o.e.m.c.i.embedder.EclipseLogger - Using platform encoding (Cp1252 actually) to copy filtered resources, i.e. build is platform dependent!
2024-07-02 22:59:23,658 [Worker-60] INFO  o.e.m.c.i.embedder.EclipseLogger - Copying 1 resource
2024-07-02 22:59:23,661 [Worker-60] WARN  o.e.m.c.i.embedder.EclipseLogger - Using platform encoding (Cp1252 actually) to copy filtered resources, i.e. build is platform dependent!
2024-07-02 22:59:23,661 [Worker-60] INFO  o.e.m.c.i.embedder.EclipseLogger - skip non existing resourceDirectory C:\Users\user\Desktop\LPII_CL3_MENDOZA_SANCHEZ\Examen_LP3\ProyectoExamen\src\test\resources
2024-07-02 22:59:35,893 [Worker-58] WARN  o.e.m.c.i.embedder.EclipseLogger - Using platform encoding (Cp1252 actually) to copy filtered resources, i.e. build is platform dependent!
2024-07-02 22:59:35,894 [Worker-58] INFO  o.e.m.c.i.embedder.EclipseLogger - Copying 1 resource
2024-07-02 22:59:35,895 [Worker-58] WARN  o.e.m.c.i.embedder.EclipseLogger - Using platform encoding (Cp1252 actually) to copy filtered resources, i.e. build is platform dependent!
2024-07-02 22:59:35,896 [Worker-58] INFO  o.e.m.c.i.embedder.EclipseLogger - skip non existing resourceDirectory C:\Users\user\Desktop\LPII_CL3_MENDOZA_SANCHEZ\Examen_LP3\ProyectoExamen\src\test\resources
2024-07-02 23:05:54,332 [Worker-60] WARN  o.e.m.c.i.embedder.EclipseLogger - Using platform encoding (Cp1252 actually) to copy filtered resources, i.e. build is platform dependent!
2024-07-02 23:05:54,333 [Worker-60] INFO  o.e.m.c.i.embedder.EclipseLogger - Copying 0 resource
2024-07-02 23:05:54,334 [Worker-60] WARN  o.e.m.c.i.embedder.EclipseLogger - Using platform encoding (Cp1252 actually) to copy filtered resources, i.e. build is platform dependent!
2024-07-02 23:05:54,334 [Worker-60] INFO  o.e.m.c.i.embedder.EclipseLogger - skip non existing resourceDirectory C:\Users\user\Desktop\LPII_CL3_MENDOZA_SANCHEZ\Examen_LP3\ProyectoExamen\src\test\resources
2024-07-02 23:06:38,824 [Worker-64] WARN  o.e.m.c.i.embedder.EclipseLogger - Using platform encoding (Cp1252 actually) to copy filtered resources, i.e. build is platform dependent!
2024-07-02 23:06:38,826 [Worker-64] INFO  o.e.m.c.i.embedder.EclipseLogger - Copying 1 resource
2024-07-02 23:06:38,827 [Worker-64] WARN  o.e.m.c.i.embedder.EclipseLogger - Using platform encoding (Cp1252 actually) to copy filtered resources, i.e. build is platform dependent!
2024-07-02 23:06:38,827 [Worker-64] INFO  o.e.m.c.i.embedder.EclipseLogger - skip non existing resourceDirectory C:\Users\user\Desktop\LPII_CL3_MENDOZA_SANCHEZ\Examen_LP3\ProyectoExamen\src\test\resources
2024-07-02 23:06:53,712 [Worker-66] WARN  o.e.m.c.i.embedder.EclipseLogger - Using platform encoding (Cp1252 actually) to copy filtered resources, i.e. build is platform dependent!
2024-07-02 23:06:53,713 [Worker-66] INFO  o.e.m.c.i.embedder.EclipseLogger - Copying 1 resource
2024-07-02 23:06:53,713 [Worker-66] WARN  o.e.m.c.i.embedder.EclipseLogger - Using platform encoding (Cp1252 actually) to copy filtered resources, i.e. build is platform dependent!
2024-07-02 23:06:53,714 [Worker-66] INFO  o.e.m.c.i.embedder.EclipseLogger - skip non existing resourceDirectory C:\Users\user\Desktop\LPII_CL3_MENDOZA_SANCHEZ\Examen_LP3\ProyectoExamen\src\test\resources
2024-07-02 23:07:26,408 [Worker-65] WARN  o.e.r.models.ModelRepository - Failed to download org.eclipse.recommenders:index::zip:0.0.0
org.eclipse.aether.resolution.ArtifactResolutionException: Could not find artifact org.eclipse.recommenders:index:zip:0.0.0-SNAPSHOT in models (http://download.eclipse.org/recommenders/models/mars/)
	at org.eclipse.aether.internal.impl.DefaultArtifactResolver.resolve(DefaultArtifactResolver.java:444) ~[na:na]
	at org.eclipse.aether.internal.impl.DefaultArtifactResolver.resolveArtifacts(DefaultArtifactResolver.java:246) ~[na:na]
	at org.eclipse.aether.internal.impl.DefaultArtifactResolver.resolveArtifact(DefaultArtifactResolver.java:223) ~[na:na]
	at org.eclipse.aether.internal.impl.DefaultRepositorySystem.resolveArtifact(DefaultRepositorySystem.java:294) ~[na:na]
	at org.eclipse.recommenders.models.ModelRepository.resolveInternal(ModelRepository.java:192) [org.eclipse.recommenders.models_2.3.0.v20160216-1255.jar:na]
	at org.eclipse.recommenders.models.ModelRepository.resolve(ModelRepository.java:174) [org.eclipse.recommenders.models_2.3.0.v20160216-1255.jar:na]
	at org.eclipse.recommenders.internal.models.rcp.EclipseModelRepository.resolve(EclipseModelRepository.java:165) [org.eclipse.recommenders.models.rcp_2.3.0.v20160216-1255.jar:na]
	at org.eclipse.recommenders.internal.models.rcp.DownloadModelArchiveJob.run(DownloadModelArchiveJob.java:76) [org.eclipse.recommenders.models.rcp_2.3.0.v20160216-1255.jar:na]
	at org.eclipse.core.internal.jobs.Worker.run(Worker.java:55) [org.eclipse.core.jobs_3.7.0.v20150330-2103.jar:na]
Caused by: org.eclipse.aether.transfer.ArtifactNotFoundException: Could not find artifact org.eclipse.recommenders:index:zip:0.0.0-SNAPSHOT in models (http://download.eclipse.org/recommenders/models/mars/)
	at org.eclipse.aether.connector.basic.ArtifactTransportListener.transferFailed(ArtifactTransportListener.java:39) ~[org.eclipse.aether.connector.basic_1.0.1.v20141111.jar:na]
	at org.eclipse.aether.connector.basic.BasicRepositoryConnector$TaskRunner.run(BasicRepositoryConnector.java:355) ~[org.eclipse.aether.connector.basic_1.0.1.v20141111.jar:na]
	at org.eclipse.aether.util.concurrency.RunnableErrorForwarder$1.run(RunnableErrorForwarder.java:67) ~[na:na]
	at org.eclipse.aether.connector.basic.BasicRepositoryConnector$DirectExecutor.execute(BasicRepositoryConnector.java:581) ~[org.eclipse.aether.connector.basic_1.0.1.v20141111.jar:na]
	at org.eclipse.aether.connector.basic.BasicRepositoryConnector.get(BasicRepositoryConnector.java:249) ~[org.eclipse.aether.connector.basic_1.0.1.v20141111.jar:na]
	at org.eclipse.aether.internal.impl.DefaultArtifactResolver.performDownloads(DefaultArtifactResolver.java:520) ~[na:na]
	at org.eclipse.aether.internal.impl.DefaultArtifactResolver.resolve(DefaultArtifactResolver.java:421) ~[na:na]
	... 8 common frames omitted
2024-07-02 23:09:26,291 [Worker-60] WARN  o.e.m.c.i.embedder.EclipseLogger - Using platform encoding (Cp1252 actually) to copy filtered resources, i.e. build is platform dependent!
2024-07-02 23:09:26,293 [Worker-60] INFO  o.e.m.c.i.embedder.EclipseLogger - Copying 1 resource
2024-07-02 23:09:26,293 [Worker-60] WARN  o.e.m.c.i.embedder.EclipseLogger - Using platform encoding (Cp1252 actually) to copy filtered resources, i.e. build is platform dependent!
2024-07-02 23:09:26,294 [Worker-60] INFO  o.e.m.c.i.embedder.EclipseLogger - skip non existing resourceDirectory C:\Users\user\Desktop\LPII_CL3_MENDOZA_SANCHEZ\Examen_LP3\ProyectoExamen\src\test\resources
2024-07-02 23:09:37,288 [Worker-65] WARN  o.e.m.c.i.embedder.EclipseLogger - Using platform encoding (Cp1252 actually) to copy filtered resources, i.e. build is platform dependent!
2024-07-02 23:09:37,289 [Worker-65] INFO  o.e.m.c.i.embedder.EclipseLogger - Copying 1 resource
2024-07-02 23:09:37,290 [Worker-65] WARN  o.e.m.c.i.embedder.EclipseLogger - Using platform encoding (Cp1252 actually) to copy filtered resources, i.e. build is platform dependent!
2024-07-02 23:09:37,291 [Worker-65] INFO  o.e.m.c.i.embedder.EclipseLogger - skip non existing resourceDirectory C:\Users\user\Desktop\LPII_CL3_MENDOZA_SANCHEZ\Examen_LP3\ProyectoExamen\src\test\resources
2024-07-02 23:09:48,791 [Worker-66] WARN  o.e.m.c.i.embedder.EclipseLogger - Using platform encoding (Cp1252 actually) to copy filtered resources, i.e. build is platform dependent!
2024-07-02 23:09:48,792 [Worker-66] INFO  o.e.m.c.i.embedder.EclipseLogger - Copying 1 resource
2024-07-02 23:09:48,792 [Worker-66] WARN  o.e.m.c.i.embedder.EclipseLogger - Using platform encoding (Cp1252 actually) to copy filtered resources, i.e. build is platform dependent!
2024-07-02 23:09:48,793 [Worker-66] INFO  o.e.m.c.i.embedder.EclipseLogger - skip non existing resourceDirectory C:\Users\user\Desktop\LPII_CL3_MENDOZA_SANCHEZ\Examen_LP3\ProyectoExamen\src\test\resources
2024-07-02 23:11:02,221 [Worker-64] WARN  o.e.m.c.i.embedder.EclipseLogger - Using platform encoding (Cp1252 actually) to copy filtered resources, i.e. build is platform dependent!
2024-07-02 23:11:02,222 [Worker-64] INFO  o.e.m.c.i.embedder.EclipseLogger - Copying 1 resource
2024-07-02 23:11:02,222 [Worker-64] WARN  o.e.m.c.i.embedder.EclipseLogger - Using platform encoding (Cp1252 actually) to copy filtered resources, i.e. build is platform dependent!
2024-07-02 23:11:02,223 [Worker-64] INFO  o.e.m.c.i.embedder.EclipseLogger - skip non existing resourceDirectory C:\Users\user\Desktop\LPII_CL3_MENDOZA_SANCHEZ\Examen_LP3\ProyectoExamen\src\test\resources
2024-07-02 23:12:01,023 [Worker-64] WARN  o.e.m.c.i.embedder.EclipseLogger - Using platform encoding (Cp1252 actually) to copy filtered resources, i.e. build is platform dependent!
2024-07-02 23:12:01,024 [Worker-64] INFO  o.e.m.c.i.embedder.EclipseLogger - Copying 1 resource
2024-07-02 23:12:01,025 [Worker-64] WARN  o.e.m.c.i.embedder.EclipseLogger - Using platform encoding (Cp1252 actually) to copy filtered resources, i.e. build is platform dependent!
2024-07-02 23:12:01,025 [Worker-64] INFO  o.e.m.c.i.embedder.EclipseLogger - skip non existing resourceDirectory C:\Users\user\Desktop\LPII_CL3_MENDOZA_SANCHEZ\Examen_LP3\ProyectoExamen\src\test\resources
2024-07-02 23:12:25,877 [Worker-68] WARN  o.e.m.c.i.embedder.EclipseLogger - Using platform encoding (Cp1252 actually) to copy filtered resources, i.e. build is platform dependent!
2024-07-02 23:12:25,878 [Worker-68] INFO  o.e.m.c.i.embedder.EclipseLogger - Copying 1 resource
2024-07-02 23:12:25,878 [Worker-68] WARN  o.e.m.c.i.embedder.EclipseLogger - Using platform encoding (Cp1252 actually) to copy filtered resources, i.e. build is platform dependent!
2024-07-02 23:12:25,879 [Worker-68] INFO  o.e.m.c.i.embedder.EclipseLogger - skip non existing resourceDirectory C:\Users\user\Desktop\LPII_CL3_MENDOZA_SANCHEZ\Examen_LP3\ProyectoExamen\src\test\resources
2024-07-02 23:16:53,548 [Worker-66] WARN  o.e.m.c.i.embedder.EclipseLogger - Using platform encoding (Cp1252 actually) to copy filtered resources, i.e. build is platform dependent!
2024-07-02 23:16:53,549 [Worker-66] INFO  o.e.m.c.i.embedder.EclipseLogger - Copying 1 resource
2024-07-02 23:16:53,550 [Worker-66] WARN  o.e.m.c.i.embedder.EclipseLogger - Using platform encoding (Cp1252 actually) to copy filtered resources, i.e. build is platform dependent!
2024-07-02 23:16:53,550 [Worker-66] INFO  o.e.m.c.i.embedder.EclipseLogger - skip non existing resourceDirectory C:\Users\user\Desktop\LPII_CL3_MENDOZA_SANCHEZ\Examen_LP3\ProyectoExamen\src\test\resources
2024-07-02 23:17:33,242 [Worker-66] WARN  o.e.m.c.i.embedder.EclipseLogger - Using platform encoding (Cp1252 actually) to copy filtered resources, i.e. build is platform dependent!
2024-07-02 23:17:33,243 [Worker-66] INFO  o.e.m.c.i.embedder.EclipseLogger - Copying 1 resource
2024-07-02 23:17:33,243 [Worker-66] WARN  o.e.m.c.i.embedder.EclipseLogger - Using platform encoding (Cp1252 actually) to copy filtered resources, i.e. build is platform dependent!
2024-07-02 23:17:33,244 [Worker-66] INFO  o.e.m.c.i.embedder.EclipseLogger - skip non existing resourceDirectory C:\Users\user\Desktop\LPII_CL3_MENDOZA_SANCHEZ\Examen_LP3\ProyectoExamen\src\test\resources
2024-07-02 23:18:30,718 [Worker-66] WARN  o.e.m.c.i.embedder.EclipseLogger - Using platform encoding (Cp1252 actually) to copy filtered resources, i.e. build is platform dependent!
2024-07-02 23:18:30,719 [Worker-66] INFO  o.e.m.c.i.embedder.EclipseLogger - Copying 1 resource
2024-07-02 23:18:30,720 [Worker-66] WARN  o.e.m.c.i.embedder.EclipseLogger - Using platform encoding (Cp1252 actually) to copy filtered resources, i.e. build is platform dependent!
2024-07-02 23:18:30,720 [Worker-66] INFO  o.e.m.c.i.embedder.EclipseLogger - skip non existing resourceDirectory C:\Users\user\Desktop\LPII_CL3_MENDOZA_SANCHEZ\Examen_LP3\ProyectoExamen\src\test\resources
2024-07-02 23:21:47,491 [Worker-67] WARN  o.e.m.c.i.embedder.EclipseLogger - Using platform encoding (Cp1252 actually) to copy filtered resources, i.e. build is platform dependent!
2024-07-02 23:21:47,492 [Worker-67] INFO  o.e.m.c.i.embedder.EclipseLogger - Copying 1 resource
2024-07-02 23:21:47,493 [Worker-67] WARN  o.e.m.c.i.embedder.EclipseLogger - Using platform encoding (Cp1252 actually) to copy filtered resources, i.e. build is platform dependent!
2024-07-02 23:21:47,493 [Worker-67] INFO  o.e.m.c.i.embedder.EclipseLogger - skip non existing resourceDirectory C:\Users\user\Desktop\LPII_CL3_MENDOZA_SANCHEZ\Examen_LP3\ProyectoExamen\src\test\resources
2024-07-02 23:24:53,221 [Worker-70] WARN  o.e.m.c.i.embedder.EclipseLogger - Using platform encoding (Cp1252 actually) to copy filtered resources, i.e. build is platform dependent!
2024-07-02 23:24:53,222 [Worker-70] INFO  o.e.m.c.i.embedder.EclipseLogger - Copying 1 resource
2024-07-02 23:24:53,223 [Worker-70] WARN  o.e.m.c.i.embedder.EclipseLogger - Using platform encoding (Cp1252 actually) to copy filtered resources, i.e. build is platform dependent!
2024-07-02 23:24:53,224 [Worker-70] INFO  o.e.m.c.i.embedder.EclipseLogger - skip non existing resourceDirectory C:\Users\user\Desktop\LPII_CL3_MENDOZA_SANCHEZ\Examen_LP3\ProyectoExamen\src\test\resources
2024-07-02 23:28:18,471 [Worker-67] WARN  o.e.m.c.i.embedder.EclipseLogger - Using platform encoding (Cp1252 actually) to copy filtered resources, i.e. build is platform dependent!
2024-07-02 23:28:18,472 [Worker-67] INFO  o.e.m.c.i.embedder.EclipseLogger - Copying 1 resource
2024-07-02 23:28:18,473 [Worker-67] WARN  o.e.m.c.i.embedder.EclipseLogger - Using platform encoding (Cp1252 actually) to copy filtered resources, i.e. build is platform dependent!
2024-07-02 23:28:18,474 [Worker-67] INFO  o.e.m.c.i.embedder.EclipseLogger - skip non existing resourceDirectory C:\Users\user\Desktop\LPII_CL3_MENDOZA_SANCHEZ\Examen_LP3\ProyectoExamen\src\test\resources
2024-07-02 23:28:36,120 [Worker-67] WARN  o.e.m.c.i.embedder.EclipseLogger - Using platform encoding (Cp1252 actually) to copy filtered resources, i.e. build is platform dependent!
2024-07-02 23:28:36,121 [Worker-67] INFO  o.e.m.c.i.embedder.EclipseLogger - Copying 1 resource
2024-07-02 23:28:36,121 [Worker-67] WARN  o.e.m.c.i.embedder.EclipseLogger - Using platform encoding (Cp1252 actually) to copy filtered resources, i.e. build is platform dependent!
2024-07-02 23:28:36,122 [Worker-67] INFO  o.e.m.c.i.embedder.EclipseLogger - skip non existing resourceDirectory C:\Users\user\Desktop\LPII_CL3_MENDOZA_SANCHEZ\Examen_LP3\ProyectoExamen\src\test\resources
2024-07-02 23:29:56,406 [Worker-69] WARN  o.e.m.c.i.embedder.EclipseLogger - Using platform encoding (Cp1252 actually) to copy filtered resources, i.e. build is platform dependent!
2024-07-02 23:29:56,407 [Worker-69] INFO  o.e.m.c.i.embedder.EclipseLogger - Copying 1 resource
2024-07-02 23:29:56,407 [Worker-69] WARN  o.e.m.c.i.embedder.EclipseLogger - Using platform encoding (Cp1252 actually) to copy filtered resources, i.e. build is platform dependent!
2024-07-02 23:29:56,408 [Worker-69] INFO  o.e.m.c.i.embedder.EclipseLogger - skip non existing resourceDirectory C:\Users\user\Desktop\LPII_CL3_MENDOZA_SANCHEZ\Examen_LP3\ProyectoExamen\src\test\resources
2024-07-02 23:32:36,425 [Worker-67] WARN  o.e.m.c.i.embedder.EclipseLogger - Using platform encoding (Cp1252 actually) to copy filtered resources, i.e. build is platform dependent!
2024-07-02 23:32:36,426 [Worker-67] INFO  o.e.m.c.i.embedder.EclipseLogger - Copying 1 resource
2024-07-02 23:32:36,426 [Worker-67] WARN  o.e.m.c.i.embedder.EclipseLogger - Using platform encoding (Cp1252 actually) to copy filtered resources, i.e. build is platform dependent!
2024-07-02 23:32:36,427 [Worker-67] INFO  o.e.m.c.i.embedder.EclipseLogger - skip non existing resourceDirectory C:\Users\user\Desktop\LPII_CL3_MENDOZA_SANCHEZ\Examen_LP3\ProyectoExamen\src\test\resources
2024-07-02 23:33:37,138 [Worker-68] WARN  o.e.m.c.i.embedder.EclipseLogger - Using platform encoding (Cp1252 actually) to copy filtered resources, i.e. build is platform dependent!
2024-07-02 23:33:37,139 [Worker-68] INFO  o.e.m.c.i.embedder.EclipseLogger - Copying 1 resource
2024-07-02 23:33:37,140 [Worker-68] WARN  o.e.m.c.i.embedder.EclipseLogger - Using platform encoding (Cp1252 actually) to copy filtered resources, i.e. build is platform dependent!
2024-07-02 23:33:37,141 [Worker-68] INFO  o.e.m.c.i.embedder.EclipseLogger - skip non existing resourceDirectory C:\Users\user\Desktop\LPII_CL3_MENDOZA_SANCHEZ\Examen_LP3\ProyectoExamen\src\test\resources
2024-07-02 23:34:56,347 [Worker-67] WARN  o.e.m.c.i.embedder.EclipseLogger - Using platform encoding (Cp1252 actually) to copy filtered resources, i.e. build is platform dependent!
2024-07-02 23:34:56,348 [Worker-67] INFO  o.e.m.c.i.embedder.EclipseLogger - Copying 1 resource
2024-07-02 23:34:56,348 [Worker-67] WARN  o.e.m.c.i.embedder.EclipseLogger - Using platform encoding (Cp1252 actually) to copy filtered resources, i.e. build is platform dependent!
2024-07-02 23:34:56,349 [Worker-67] INFO  o.e.m.c.i.embedder.EclipseLogger - skip non existing resourceDirectory C:\Users\user\Desktop\LPII_CL3_MENDOZA_SANCHEZ\Examen_LP3\ProyectoExamen\src\test\resources
2024-07-02 23:35:18,877 [Worker-74] WARN  o.e.m.c.i.embedder.EclipseLogger - Using platform encoding (Cp1252 actually) to copy filtered resources, i.e. build is platform dependent!
2024-07-02 23:35:18,878 [Worker-74] INFO  o.e.m.c.i.embedder.EclipseLogger - Copying 1 resource
2024-07-02 23:35:18,878 [Worker-74] WARN  o.e.m.c.i.embedder.EclipseLogger - Using platform encoding (Cp1252 actually) to copy filtered resources, i.e. build is platform dependent!
2024-07-02 23:35:18,879 [Worker-74] INFO  o.e.m.c.i.embedder.EclipseLogger - skip non existing resourceDirectory C:\Users\user\Desktop\LPII_CL3_MENDOZA_SANCHEZ\Examen_LP3\ProyectoExamen\src\test\resources
2024-07-02 23:35:26,236 [Worker-73] WARN  o.e.m.c.i.embedder.EclipseLogger - Using platform encoding (Cp1252 actually) to copy filtered resources, i.e. build is platform dependent!
2024-07-02 23:35:26,237 [Worker-73] INFO  o.e.m.c.i.embedder.EclipseLogger - Copying 1 resource
2024-07-02 23:35:26,237 [Worker-73] WARN  o.e.m.c.i.embedder.EclipseLogger - Using platform encoding (Cp1252 actually) to copy filtered resources, i.e. build is platform dependent!
2024-07-02 23:35:26,238 [Worker-73] INFO  o.e.m.c.i.embedder.EclipseLogger - skip non existing resourceDirectory C:\Users\user\Desktop\LPII_CL3_MENDOZA_SANCHEZ\Examen_LP3\ProyectoExamen\src\test\resources
2024-07-02 23:35:30,093 [Worker-73] WARN  o.e.m.c.i.embedder.EclipseLogger - Using platform encoding (Cp1252 actually) to copy filtered resources, i.e. build is platform dependent!
2024-07-02 23:35:30,094 [Worker-73] INFO  o.e.m.c.i.embedder.EclipseLogger - Copying 1 resource
2024-07-02 23:35:30,094 [Worker-73] WARN  o.e.m.c.i.embedder.EclipseLogger - Using platform encoding (Cp1252 actually) to copy filtered resources, i.e. build is platform dependent!
2024-07-02 23:35:30,095 [Worker-73] INFO  o.e.m.c.i.embedder.EclipseLogger - skip non existing resourceDirectory C:\Users\user\Desktop\LPII_CL3_MENDOZA_SANCHEZ\Examen_LP3\ProyectoExamen\src\test\resources
2024-07-02 23:36:41,891 [Worker-76] WARN  o.e.m.c.i.embedder.EclipseLogger - Using platform encoding (Cp1252 actually) to copy filtered resources, i.e. build is platform dependent!
2024-07-02 23:36:41,892 [Worker-76] INFO  o.e.m.c.i.embedder.EclipseLogger - Copying 1 resource
2024-07-02 23:36:41,893 [Worker-76] WARN  o.e.m.c.i.embedder.EclipseLogger - Using platform encoding (Cp1252 actually) to copy filtered resources, i.e. build is platform dependent!
2024-07-02 23:36:41,894 [Worker-76] INFO  o.e.m.c.i.embedder.EclipseLogger - skip non existing resourceDirectory C:\Users\user\Desktop\LPII_CL3_MENDOZA_SANCHEZ\Examen_LP3\ProyectoExamen\src\test\resources
2024-07-02 23:40:33,440 [Worker-75] WARN  o.e.m.c.i.embedder.EclipseLogger - Using platform encoding (Cp1252 actually) to copy filtered resources, i.e. build is platform dependent!
2024-07-02 23:40:33,441 [Worker-75] INFO  o.e.m.c.i.embedder.EclipseLogger - Copying 1 resource
2024-07-02 23:40:33,441 [Worker-75] WARN  o.e.m.c.i.embedder.EclipseLogger - Using platform encoding (Cp1252 actually) to copy filtered resources, i.e. build is platform dependent!
2024-07-02 23:40:33,442 [Worker-75] INFO  o.e.m.c.i.embedder.EclipseLogger - skip non existing resourceDirectory C:\Users\user\Desktop\LPII_CL3_MENDOZA_SANCHEZ\Examen_LP3\ProyectoExamen\src\test\resources
2024-07-02 23:41:40,480 [Worker-79] WARN  o.e.m.c.i.embedder.EclipseLogger - Using platform encoding (Cp1252 actually) to copy filtered resources, i.e. build is platform dependent!
2024-07-02 23:41:40,481 [Worker-79] INFO  o.e.m.c.i.embedder.EclipseLogger - Copying 1 resource
2024-07-02 23:41:40,482 [Worker-79] WARN  o.e.m.c.i.embedder.EclipseLogger - Using platform encoding (Cp1252 actually) to copy filtered resources, i.e. build is platform dependent!
2024-07-02 23:41:40,482 [Worker-79] INFO  o.e.m.c.i.embedder.EclipseLogger - skip non existing resourceDirectory C:\Users\user\Desktop\LPII_CL3_MENDOZA_SANCHEZ\Examen_LP3\ProyectoExamen\src\test\resources
2024-07-02 23:48:22,549 [Worker-79] WARN  o.e.m.c.i.embedder.EclipseLogger - Using platform encoding (Cp1252 actually) to copy filtered resources, i.e. build is platform dependent!
2024-07-02 23:48:22,550 [Worker-79] INFO  o.e.m.c.i.embedder.EclipseLogger - Copying 1 resource
2024-07-02 23:48:22,551 [Worker-79] WARN  o.e.m.c.i.embedder.EclipseLogger - Using platform encoding (Cp1252 actually) to copy filtered resources, i.e. build is platform dependent!
2024-07-02 23:48:22,552 [Worker-79] INFO  o.e.m.c.i.embedder.EclipseLogger - skip non existing resourceDirectory C:\Users\user\Desktop\LPII_CL3_MENDOZA_SANCHEZ\Examen_LP3\ProyectoExamen\src\test\resources
2024-07-02 23:51:04,355 [Worker-81] WARN  o.e.m.c.i.embedder.EclipseLogger - Using platform encoding (Cp1252 actually) to copy filtered resources, i.e. build is platform dependent!
2024-07-02 23:51:04,356 [Worker-81] INFO  o.e.m.c.i.embedder.EclipseLogger - Copying 1 resource
2024-07-02 23:51:04,357 [Worker-81] WARN  o.e.m.c.i.embedder.EclipseLogger - Using platform encoding (Cp1252 actually) to copy filtered resources, i.e. build is platform dependent!
2024-07-02 23:51:04,358 [Worker-81] INFO  o.e.m.c.i.embedder.EclipseLogger - skip non existing resourceDirectory C:\Users\user\Desktop\LPII_CL3_MENDOZA_SANCHEZ\Examen_LP3\ProyectoExamen\src\test\resources
